{"/Users/felipepaulino/Documents/consulta-pokemon/src/components/Breadcrumbs/index.tsx": {"path":"/Users/felipepaulino/Documents/consulta-pokemon/src/components/Breadcrumbs/index.tsx","statementMap":{"0":{"start":{"line":5,"column":20},"end":{"line":38,"column":1}},"1":{"start":{"line":6,"column":17},"end":{"line":6,"column":28}},"2":{"start":{"line":7,"column":23},"end":{"line":7,"column":83}},"3":{"start":{"line":7,"column":68},"end":{"line":7,"column":82}},"4":{"start":{"line":9,"column":22},"end":{"line":9,"column":59}},"5":{"start":{"line":10,"column":34},"end":{"line":10,"column":59}},"6":{"start":{"line":11,"column":2},"end":{"line":11,"column":66}},"7":{"start":{"line":13,"column":22},"end":{"line":18,"column":4}},"8":{"start":{"line":14,"column":27},"end":{"line":14,"column":53}},"9":{"start":{"line":15,"column":18},"end":{"line":15,"column":82}},"10":{"start":{"line":16,"column":17},"end":{"line":16,"column":65}},"11":{"start":{"line":17,"column":4},"end":{"line":17,"column":27}},"12":{"start":{"line":19,"column":0},"end":{"line":19,"column":41}},"13":{"start":{"line":22,"column":2},"end":{"line":37,"column":4}},"14":{"start":{"line":30,"column":8},"end":{"line":34,"column":9}}},"fnMap":{"0":{"name":"(anonymous_0)","decl":{"start":{"line":5,"column":20},"end":{"line":5,"column":21}},"loc":{"start":{"line":5,"column":26},"end":{"line":38,"column":1}},"line":5},"1":{"name":"(anonymous_1)","decl":{"start":{"line":7,"column":55},"end":{"line":7,"column":56}},"loc":{"start":{"line":7,"column":68},"end":{"line":7,"column":82}},"line":7},"2":{"name":"(anonymous_2)","decl":{"start":{"line":13,"column":39},"end":{"line":13,"column":40}},"loc":{"start":{"line":13,"column":59},"end":{"line":18,"column":3}},"line":13},"3":{"name":"(anonymous_3)","decl":{"start":{"line":29,"column":23},"end":{"line":29,"column":24}},"loc":{"start":{"line":29,"column":46},"end":{"line":35,"column":7}},"line":29}},"branchMap":{},"s":{"0":2,"1":3,"2":3,"3":6,"4":3,"5":3,"6":3,"7":3,"8":3,"9":3,"10":3,"11":3,"12":3,"13":3,"14":3},"f":{"0":3,"1":6,"2":3,"3":3},"b":{},"_coverageSchema":"1a1c01bbd47fc00a2c39e90264f33305004495a9","hash":"ca863570c5f89a2c5b22260650f23246e545a4a2"}
,"/Users/felipepaulino/Documents/consulta-pokemon/src/components/Breadcrumbs/styles.ts": {"path":"/Users/felipepaulino/Documents/consulta-pokemon/src/components/Breadcrumbs/styles.ts","statementMap":{"0":{"start":{"line":3,"column":31},"end":{"line":9,"column":1}},"1":{"start":{"line":11,"column":25},"end":{"line":23,"column":1}},"2":{"start":{"line":25,"column":25},"end":{"line":38,"column":1}}},"fnMap":{},"branchMap":{},"s":{"0":2,"1":2,"2":2},"f":{},"b":{},"_coverageSchema":"1a1c01bbd47fc00a2c39e90264f33305004495a9","hash":"8a75874b649bb3645d97321d13542ea8972553fb"}
,"/Users/felipepaulino/Documents/consulta-pokemon/src/components/Button/IButtonProps.ts": {"path":"/Users/felipepaulino/Documents/consulta-pokemon/src/components/Button/IButtonProps.ts","statementMap":{},"fnMap":{},"branchMap":{},"s":{},"f":{},"b":{}}
,"/Users/felipepaulino/Documents/consulta-pokemon/src/components/Button/index.tsx": {"path":"/Users/felipepaulino/Documents/consulta-pokemon/src/components/Button/index.tsx","statementMap":{"0":{"start":{"line":5,"column":15},"end":{"line":15,"column":1}},"1":{"start":{"line":6,"column":2},"end":{"line":14,"column":3}}},"fnMap":{"0":{"name":"(anonymous_0)","decl":{"start":{"line":5,"column":15},"end":{"line":5,"column":16}},"loc":{"start":{"line":5,"column":83},"end":{"line":15,"column":1}},"line":5}},"branchMap":{"0":{"loc":{"start":{"line":5,"column":28},"end":{"line":5,"column":52}},"type":"default-arg","locations":[{"start":{"line":5,"column":43},"end":{"line":5,"column":52}}],"line":5}},"s":{"0":2,"1":3},"f":{"0":3},"b":{"0":[0]},"_coverageSchema":"1a1c01bbd47fc00a2c39e90264f33305004495a9","hash":"ab6e77114e8173746898afdda5eb41940003182e"}
,"/Users/felipepaulino/Documents/consulta-pokemon/src/components/Button/styles.ts": {"path":"/Users/felipepaulino/Documents/consulta-pokemon/src/components/Button/styles.ts","statementMap":{"0":{"start":{"line":4,"column":26},"end":{"line":35,"column":1}},"1":{"start":{"line":38,"column":28},"end":{"line":47,"column":1}},"2":{"start":{"line":39,"column":24},"end":{"line":39,"column":79}},"3":{"start":{"line":40,"column":24},"end":{"line":40,"column":83}},"4":{"start":{"line":41,"column":21},"end":{"line":41,"column":68}}},"fnMap":{"0":{"name":"(anonymous_0)","decl":{"start":{"line":39,"column":4},"end":{"line":39,"column":5}},"loc":{"start":{"line":39,"column":24},"end":{"line":39,"column":79}},"line":39},"1":{"name":"(anonymous_1)","decl":{"start":{"line":40,"column":4},"end":{"line":40,"column":5}},"loc":{"start":{"line":40,"column":24},"end":{"line":40,"column":83}},"line":40},"2":{"name":"(anonymous_2)","decl":{"start":{"line":41,"column":4},"end":{"line":41,"column":5}},"loc":{"start":{"line":41,"column":21},"end":{"line":41,"column":68}},"line":41}},"branchMap":{"0":{"loc":{"start":{"line":39,"column":24},"end":{"line":39,"column":79}},"type":"binary-expr","locations":[{"start":{"line":39,"column":24},"end":{"line":39,"column":50}},{"start":{"line":39,"column":54},"end":{"line":39,"column":79}}],"line":39},"1":{"loc":{"start":{"line":40,"column":24},"end":{"line":40,"column":83}},"type":"binary-expr","locations":[{"start":{"line":40,"column":24},"end":{"line":40,"column":52}},{"start":{"line":40,"column":56},"end":{"line":40,"column":83}}],"line":40},"2":{"loc":{"start":{"line":41,"column":21},"end":{"line":41,"column":68}},"type":"cond-expr","locations":[{"start":{"line":41,"column":33},"end":{"line":41,"column":45}},{"start":{"line":41,"column":47},"end":{"line":41,"column":68}}],"line":41}},"s":{"0":2,"1":2,"2":3,"3":3,"4":3},"f":{"0":3,"1":3,"2":3},"b":{"0":[3,2],"1":[3,1],"2":[0,3]},"_coverageSchema":"1a1c01bbd47fc00a2c39e90264f33305004495a9","hash":"82ecd5b0ff4af3d607d3d517a7c4ae906866edaa"}
,"/Users/felipepaulino/Documents/consulta-pokemon/src/components/Container/IContainerProps.ts": {"path":"/Users/felipepaulino/Documents/consulta-pokemon/src/components/Container/IContainerProps.ts","statementMap":{},"fnMap":{},"branchMap":{},"s":{},"f":{},"b":{}}
,"/Users/felipepaulino/Documents/consulta-pokemon/src/components/Container/index.tsx": {"path":"/Users/felipepaulino/Documents/consulta-pokemon/src/components/Container/index.tsx","statementMap":{"0":{"start":{"line":4,"column":18},"end":{"line":12,"column":1}},"1":{"start":{"line":5,"column":2},"end":{"line":11,"column":3}}},"fnMap":{"0":{"name":"(anonymous_0)","decl":{"start":{"line":4,"column":18},"end":{"line":4,"column":19}},"loc":{"start":{"line":4,"column":67},"end":{"line":12,"column":1}},"line":4}},"branchMap":{},"s":{"0":2,"1":4},"f":{"0":4},"b":{},"_coverageSchema":"1a1c01bbd47fc00a2c39e90264f33305004495a9","hash":"7fbb841825725d9d00c72d3374149570c86f8c4a"}
,"/Users/felipepaulino/Documents/consulta-pokemon/src/components/Container/styles.ts": {"path":"/Users/felipepaulino/Documents/consulta-pokemon/src/components/Container/styles.ts","statementMap":{"0":{"start":{"line":4,"column":26},"end":{"line":9,"column":1}},"1":{"start":{"line":11,"column":31},"end":{"line":14,"column":1}},"2":{"start":{"line":13,"column":24},"end":{"line":13,"column":79}},"3":{"start":{"line":16,"column":25},"end":{"line":24,"column":1}}},"fnMap":{"0":{"name":"(anonymous_0)","decl":{"start":{"line":13,"column":4},"end":{"line":13,"column":5}},"loc":{"start":{"line":13,"column":24},"end":{"line":13,"column":79}},"line":13}},"branchMap":{"0":{"loc":{"start":{"line":13,"column":24},"end":{"line":13,"column":79}},"type":"binary-expr","locations":[{"start":{"line":13,"column":24},"end":{"line":13,"column":50}},{"start":{"line":13,"column":54},"end":{"line":13,"column":79}}],"line":13}},"s":{"0":2,"1":2,"2":4,"3":2},"f":{"0":4},"b":{"0":[4,2]},"_coverageSchema":"1a1c01bbd47fc00a2c39e90264f33305004495a9","hash":"a40c4a3fa5c7117a2115a858129030c46e09ecc8"}
,"/Users/felipepaulino/Documents/consulta-pokemon/src/components/Footer/index.tsx": {"path":"/Users/felipepaulino/Documents/consulta-pokemon/src/components/Footer/index.tsx","statementMap":{"0":{"start":{"line":3,"column":15},"end":{"line":9,"column":1}},"1":{"start":{"line":4,"column":2},"end":{"line":8,"column":3}}},"fnMap":{"0":{"name":"(anonymous_0)","decl":{"start":{"line":3,"column":15},"end":{"line":3,"column":16}},"loc":{"start":{"line":3,"column":21},"end":{"line":9,"column":1}},"line":3}},"branchMap":{},"s":{"0":1,"1":1},"f":{"0":1},"b":{},"_coverageSchema":"1a1c01bbd47fc00a2c39e90264f33305004495a9","hash":"c847357a289149e06432047821fea42718bcb4ca"}
,"/Users/felipepaulino/Documents/consulta-pokemon/src/components/Footer/styles.ts": {"path":"/Users/felipepaulino/Documents/consulta-pokemon/src/components/Footer/styles.ts","statementMap":{"0":{"start":{"line":3,"column":22},"end":{"line":9,"column":1}}},"fnMap":{},"branchMap":{},"s":{"0":1},"f":{},"b":{},"_coverageSchema":"1a1c01bbd47fc00a2c39e90264f33305004495a9","hash":"522fe7ba5d9a65de7a3eb57700d782e9b3f0657e"}
,"/Users/felipepaulino/Documents/consulta-pokemon/src/components/Header/index.tsx": {"path":"/Users/felipepaulino/Documents/consulta-pokemon/src/components/Header/index.tsx","statementMap":{"0":{"start":{"line":6,"column":15},"end":{"line":28,"column":1}},"1":{"start":{"line":7,"column":2},"end":{"line":27,"column":3}}},"fnMap":{"0":{"name":"(anonymous_0)","decl":{"start":{"line":6,"column":15},"end":{"line":6,"column":16}},"loc":{"start":{"line":6,"column":21},"end":{"line":28,"column":1}},"line":6}},"branchMap":{},"s":{"0":1,"1":1},"f":{"0":1},"b":{},"_coverageSchema":"1a1c01bbd47fc00a2c39e90264f33305004495a9","hash":"d1a36152d3805703eb141cdd5d13322d765dc502"}
,"/Users/felipepaulino/Documents/consulta-pokemon/src/components/Header/styles.ts": {"path":"/Users/felipepaulino/Documents/consulta-pokemon/src/components/Header/styles.ts","statementMap":{"0":{"start":{"line":4,"column":22},"end":{"line":14,"column":1}},"1":{"start":{"line":16,"column":19},"end":{"line":20,"column":1}},"2":{"start":{"line":22,"column":23},"end":{"line":29,"column":1}},"3":{"start":{"line":31,"column":23},"end":{"line":39,"column":1}}},"fnMap":{},"branchMap":{},"s":{"0":1,"1":1,"2":1,"3":1},"f":{},"b":{},"_coverageSchema":"1a1c01bbd47fc00a2c39e90264f33305004495a9","hash":"902d032db11eb8f049398ce2b082c2a8c2cb5640"}
,"/Users/felipepaulino/Documents/consulta-pokemon/src/components/HomeContainer/index.tsx": {"path":"/Users/felipepaulino/Documents/consulta-pokemon/src/components/HomeContainer/index.tsx","statementMap":{"0":{"start":{"line":3,"column":22},"end":{"line":10,"column":1}},"1":{"start":{"line":5,"column":2},"end":{"line":9,"column":3}}},"fnMap":{"0":{"name":"(anonymous_0)","decl":{"start":{"line":3,"column":22},"end":{"line":3,"column":23}},"loc":{"start":{"line":3,"column":28},"end":{"line":10,"column":1}},"line":3}},"branchMap":{},"s":{"0":1,"1":1},"f":{"0":1},"b":{},"_coverageSchema":"1a1c01bbd47fc00a2c39e90264f33305004495a9","hash":"05aeb0c4d093f7f5d785d9a1d0780184a33ab9fb"}
,"/Users/felipepaulino/Documents/consulta-pokemon/src/components/HomeContainer/styles.ts": {"path":"/Users/felipepaulino/Documents/consulta-pokemon/src/components/HomeContainer/styles.ts","statementMap":{"0":{"start":{"line":3,"column":29},"end":{"line":13,"column":1}},"1":{"start":{"line":15,"column":25},"end":{"line":19,"column":1}}},"fnMap":{},"branchMap":{},"s":{"0":1,"1":1},"f":{},"b":{},"_coverageSchema":"1a1c01bbd47fc00a2c39e90264f33305004495a9","hash":"38f40f01cc361faa2b98421a9de73e09e3b8990d"}
,"/Users/felipepaulino/Documents/consulta-pokemon/src/components/Input/index.tsx": {"path":"/Users/felipepaulino/Documents/consulta-pokemon/src/components/Input/index.tsx","statementMap":{"0":{"start":{"line":8,"column":14},"end":{"line":16,"column":1}},"1":{"start":{"line":9,"column":2},"end":{"line":15,"column":3}}},"fnMap":{"0":{"name":"(anonymous_0)","decl":{"start":{"line":8,"column":14},"end":{"line":8,"column":15}},"loc":{"start":{"line":8,"column":44},"end":{"line":16,"column":1}},"line":8}},"branchMap":{"0":{"loc":{"start":{"line":11,"column":7},"end":{"line":11,"column":73}},"type":"binary-expr","locations":[{"start":{"line":11,"column":7},"end":{"line":11,"column":18}},{"start":{"line":11,"column":22},"end":{"line":11,"column":73}}],"line":11},"1":{"loc":{"start":{"line":13,"column":7},"end":{"line":13,"column":82}},"type":"binary-expr","locations":[{"start":{"line":13,"column":7},"end":{"line":13,"column":18}},{"start":{"line":13,"column":22},"end":{"line":13,"column":82}}],"line":13}},"s":{"0":1,"1":2},"f":{"0":2},"b":{"0":[2,2],"1":[2,1]},"_coverageSchema":"1a1c01bbd47fc00a2c39e90264f33305004495a9","hash":"d707976ea0b64b9d13e2c535a7813e4ab27cdd48"}
,"/Users/felipepaulino/Documents/consulta-pokemon/src/components/Input/styles.ts": {"path":"/Users/felipepaulino/Documents/consulta-pokemon/src/components/Input/styles.ts","statementMap":{"0":{"start":{"line":4,"column":28},"end":{"line":7,"column":1}},"1":{"start":{"line":9,"column":27},"end":{"line":14,"column":1}},"2":{"start":{"line":16,"column":21},"end":{"line":20,"column":1}},"3":{"start":{"line":22,"column":21},"end":{"line":25,"column":1}}},"fnMap":{},"branchMap":{},"s":{"0":1,"1":1,"2":1,"3":1},"f":{},"b":{},"_coverageSchema":"1a1c01bbd47fc00a2c39e90264f33305004495a9","hash":"2e9a4df8ffa4595edbb97e1327cfbff8ea151b02"}
,"/Users/felipepaulino/Documents/consulta-pokemon/src/components/Logo/index.tsx": {"path":"/Users/felipepaulino/Documents/consulta-pokemon/src/components/Logo/index.tsx","statementMap":{"0":{"start":{"line":7,"column":13},"end":{"line":32,"column":1}},"1":{"start":{"line":8,"column":23},"end":{"line":8,"column":32}},"2":{"start":{"line":9,"column":34},"end":{"line":9,"column":61}},"3":{"start":{"line":10,"column":2},"end":{"line":12,"column":17}},"4":{"start":{"line":11,"column":4},"end":{"line":11,"column":25}},"5":{"start":{"line":13,"column":2},"end":{"line":31,"column":3}},"6":{"start":{"line":17,"column":28},"end":{"line":17,"column":45}},"7":{"start":{"line":18,"column":28},"end":{"line":18,"column":46}}},"fnMap":{"0":{"name":"(anonymous_0)","decl":{"start":{"line":7,"column":13},"end":{"line":7,"column":14}},"loc":{"start":{"line":7,"column":19},"end":{"line":32,"column":1}},"line":7},"1":{"name":"(anonymous_1)","decl":{"start":{"line":10,"column":12},"end":{"line":10,"column":13}},"loc":{"start":{"line":10,"column":18},"end":{"line":12,"column":3}},"line":10},"2":{"name":"(anonymous_2)","decl":{"start":{"line":17,"column":22},"end":{"line":17,"column":23}},"loc":{"start":{"line":17,"column":28},"end":{"line":17,"column":45}},"line":17},"3":{"name":"(anonymous_3)","decl":{"start":{"line":18,"column":22},"end":{"line":18,"column":23}},"loc":{"start":{"line":18,"column":28},"end":{"line":18,"column":46}},"line":18}},"branchMap":{},"s":{"0":2,"1":3,"2":3,"3":3,"4":3,"5":3,"6":0,"7":0},"f":{"0":3,"1":3,"2":0,"3":0},"b":{},"_coverageSchema":"1a1c01bbd47fc00a2c39e90264f33305004495a9","hash":"c46727e902ad0438bd5f8512c3bca7bfed7d3dc7"}
,"/Users/felipepaulino/Documents/consulta-pokemon/src/components/Logo/styles.ts": {"path":"/Users/felipepaulino/Documents/consulta-pokemon/src/components/Logo/styles.ts","statementMap":{"0":{"start":{"line":7,"column":29},"end":{"line":21,"column":1}},"1":{"start":{"line":16,"column":22},"end":{"line":18,"column":3}},"2":{"start":{"line":23,"column":24},"end":{"line":33,"column":1}},"3":{"start":{"line":28,"column":22},"end":{"line":31,"column":3}}},"fnMap":{"0":{"name":"(anonymous_0)","decl":{"start":{"line":16,"column":4},"end":{"line":16,"column":5}},"loc":{"start":{"line":16,"column":22},"end":{"line":18,"column":3}},"line":16},"1":{"name":"(anonymous_1)","decl":{"start":{"line":28,"column":4},"end":{"line":28,"column":5}},"loc":{"start":{"line":28,"column":22},"end":{"line":31,"column":3}},"line":28}},"branchMap":{"0":{"loc":{"start":{"line":17,"column":14},"end":{"line":17,"column":42}},"type":"cond-expr","locations":[{"start":{"line":17,"column":26},"end":{"line":17,"column":33}},{"start":{"line":17,"column":36},"end":{"line":17,"column":42}}],"line":17},"1":{"loc":{"start":{"line":29,"column":20},"end":{"line":29,"column":46}},"type":"cond-expr","locations":[{"start":{"line":29,"column":32},"end":{"line":29,"column":38}},{"start":{"line":29,"column":41},"end":{"line":29,"column":46}}],"line":29},"2":{"loc":{"start":{"line":30,"column":16},"end":{"line":30,"column":33}},"type":"cond-expr","locations":[{"start":{"line":30,"column":28},"end":{"line":30,"column":29}},{"start":{"line":30,"column":32},"end":{"line":30,"column":33}}],"line":30}},"s":{"0":2,"1":3,"2":2,"3":3},"f":{"0":3,"1":3},"b":{"0":[3,0],"1":[3,0],"2":[3,0]},"_coverageSchema":"1a1c01bbd47fc00a2c39e90264f33305004495a9","hash":"c3c35821e4247ed031f1f9336c72193ddd08687a"}
,"/Users/felipepaulino/Documents/consulta-pokemon/src/components/MessageAlert/index.tsx": {"path":"/Users/felipepaulino/Documents/consulta-pokemon/src/components/MessageAlert/index.tsx","statementMap":{"0":{"start":{"line":19,"column":17},"end":{"line":19,"column":28}},"1":{"start":{"line":21,"column":2},"end":{"line":43,"column":4}},"2":{"start":{"line":30,"column":56},"end":{"line":30,"column":88}},"3":{"start":{"line":39,"column":56},"end":{"line":39,"column":88}}},"fnMap":{"0":{"name":"MessageAlert","decl":{"start":{"line":18,"column":9},"end":{"line":18,"column":21}},"loc":{"start":{"line":18,"column":82},"end":{"line":44,"column":1}},"line":18},"1":{"name":"(anonymous_1)","decl":{"start":{"line":30,"column":50},"end":{"line":30,"column":51}},"loc":{"start":{"line":30,"column":56},"end":{"line":30,"column":88}},"line":30},"2":{"name":"(anonymous_2)","decl":{"start":{"line":39,"column":50},"end":{"line":39,"column":51}},"loc":{"start":{"line":39,"column":56},"end":{"line":39,"column":88}},"line":39}},"branchMap":{"0":{"loc":{"start":{"line":23,"column":7},"end":{"line":41,"column":7}},"type":"cond-expr","locations":[{"start":{"line":24,"column":8},"end":{"line":31,"column":20}},{"start":{"line":33,"column":8},"end":{"line":40,"column":20}}],"line":23},"1":{"loc":{"start":{"line":29,"column":51},"end":{"line":29,"column":83}},"type":"binary-expr","locations":[{"start":{"line":29,"column":51},"end":{"line":29,"column":55}},{"start":{"line":29,"column":59},"end":{"line":29,"column":83}}],"line":29},"2":{"loc":{"start":{"line":29,"column":121},"end":{"line":29,"column":165}},"type":"binary-expr","locations":[{"start":{"line":29,"column":121},"end":{"line":29,"column":129}},{"start":{"line":29,"column":133},"end":{"line":29,"column":155}},{"start":{"line":29,"column":159},"end":{"line":29,"column":165}}],"line":29}},"s":{"0":0,"1":0,"2":0,"3":0},"f":{"0":0,"1":0,"2":0},"b":{"0":[0,0],"1":[0,0],"2":[0,0,0]}}
,"/Users/felipepaulino/Documents/consulta-pokemon/src/components/MessageAlert/styles.ts": {"path":"/Users/felipepaulino/Documents/consulta-pokemon/src/components/MessageAlert/styles.ts","statementMap":{"0":{"start":{"line":3,"column":25},"end":{"line":9,"column":1}},"1":{"start":{"line":11,"column":23},"end":{"line":23,"column":1}},"2":{"start":{"line":25,"column":28},"end":{"line":29,"column":1}},"3":{"start":{"line":31,"column":27},"end":{"line":35,"column":1}}},"fnMap":{},"branchMap":{},"s":{"0":0,"1":0,"2":0,"3":0},"f":{},"b":{}}
,"/Users/felipepaulino/Documents/consulta-pokemon/src/components/SVGS/ErrorIcon.tsx": {"path":"/Users/felipepaulino/Documents/consulta-pokemon/src/components/SVGS/ErrorIcon.tsx","statementMap":{"0":{"start":{"line":4,"column":2},"end":{"line":31,"column":4}}},"fnMap":{"0":{"name":"ErrorIcon","decl":{"start":{"line":3,"column":9},"end":{"line":3,"column":18}},"loc":{"start":{"line":3,"column":21},"end":{"line":32,"column":1}},"line":3}},"branchMap":{},"s":{"0":0},"f":{"0":0},"b":{}}
,"/Users/felipepaulino/Documents/consulta-pokemon/src/components/SVGS/SuccsessIcon.tsx": {"path":"/Users/felipepaulino/Documents/consulta-pokemon/src/components/SVGS/SuccsessIcon.tsx","statementMap":{"0":{"start":{"line":4,"column":2},"end":{"line":19,"column":4}}},"fnMap":{"0":{"name":"SuccsessIcon","decl":{"start":{"line":3,"column":9},"end":{"line":3,"column":21}},"loc":{"start":{"line":3,"column":24},"end":{"line":20,"column":1}},"line":3}},"branchMap":{},"s":{"0":0},"f":{"0":0},"b":{}}
,"/Users/felipepaulino/Documents/consulta-pokemon/src/components/ScheduleForm/index.tsx": {"path":"/Users/felipepaulino/Documents/consulta-pokemon/src/components/ScheduleForm/index.tsx","statementMap":{"0":{"start":{"line":26,"column":21},"end":{"line":203,"column":1}},"1":{"start":{"line":32,"column":6},"end":{"line":34,"column":4}},"2":{"start":{"line":36,"column":40},"end":{"line":36,"column":69}},"3":{"start":{"line":37,"column":50},"end":{"line":37,"column":67}},"4":{"start":{"line":38,"column":32},"end":{"line":38,"column":66}},"5":{"start":{"line":39,"column":26},"end":{"line":39,"column":60}},"6":{"start":{"line":40,"column":26},"end":{"line":40,"column":60}},"7":{"start":{"line":41,"column":26},"end":{"line":41,"column":60}},"8":{"start":{"line":42,"column":32},"end":{"line":42,"column":66}},"9":{"start":{"line":43,"column":52},"end":{"line":43,"column":64}},"10":{"start":{"line":47,"column":27},"end":{"line":50,"column":19}},"11":{"start":{"line":48,"column":4},"end":{"line":48,"column":40}},"12":{"start":{"line":48,"column":34},"end":{"line":48,"column":40}},"13":{"start":{"line":49,"column":4},"end":{"line":49,"column":43}},"14":{"start":{"line":49,"column":29},"end":{"line":49,"column":42}},"15":{"start":{"line":54,"column":25},"end":{"line":54,"column":71}},"16":{"start":{"line":55,"column":4},"end":{"line":78,"column":5}},"17":{"start":{"line":56,"column":29},"end":{"line":56,"column":93}},"18":{"start":{"line":57,"column":6},"end":{"line":75,"column":7}},"19":{"start":{"line":58,"column":8},"end":{"line":74,"column":9}},"20":{"start":{"line":60,"column":12},"end":{"line":60,"column":118}},"21":{"start":{"line":60,"column":73},"end":{"line":60,"column":115}},"22":{"start":{"line":61,"column":12},"end":{"line":61,"column":17}},"23":{"start":{"line":63,"column":12},"end":{"line":63,"column":117}},"24":{"start":{"line":63,"column":72},"end":{"line":63,"column":114}},"25":{"start":{"line":64,"column":12},"end":{"line":64,"column":17}},"26":{"start":{"line":66,"column":12},"end":{"line":66,"column":97}},"27":{"start":{"line":66,"column":62},"end":{"line":66,"column":94}},"28":{"start":{"line":67,"column":12},"end":{"line":67,"column":17}},"29":{"start":{"line":69,"column":12},"end":{"line":69,"column":97}},"30":{"start":{"line":69,"column":62},"end":{"line":69,"column":94}},"31":{"start":{"line":70,"column":12},"end":{"line":70,"column":17}},"32":{"start":{"line":72,"column":12},"end":{"line":72,"column":118}},"33":{"start":{"line":72,"column":73},"end":{"line":72,"column":115}},"34":{"start":{"line":73,"column":12},"end":{"line":73,"column":17}},"35":{"start":{"line":77,"column":6},"end":{"line":77,"column":20}},"36":{"start":{"line":82,"column":23},"end":{"line":82,"column":75}},"37":{"start":{"line":82,"column":61},"end":{"line":82,"column":74}},"38":{"start":{"line":84,"column":4},"end":{"line":96,"column":4}},"39":{"start":{"line":85,"column":22},"end":{"line":87,"column":8}},"40":{"start":{"line":86,"column":8},"end":{"line":86,"column":38}},"41":{"start":{"line":88,"column":6},"end":{"line":88,"column":67}},"42":{"start":{"line":89,"column":6},"end":{"line":89,"column":90}},"43":{"start":{"line":89,"column":62},"end":{"line":89,"column":77}},"44":{"start":{"line":93,"column":4},"end":{"line":93,"column":72}},"45":{"start":{"line":94,"column":4},"end":{"line":94,"column":96}},"46":{"start":{"line":94,"column":68},"end":{"line":94,"column":83}},"47":{"start":{"line":100,"column":2},"end":{"line":202,"column":3}},"48":{"start":{"line":107,"column":31},"end":{"line":107,"column":63}},"49":{"start":{"line":108,"column":37},"end":{"line":108,"column":56}},"50":{"start":{"line":114,"column":37},"end":{"line":114,"column":61}},"51":{"start":{"line":115,"column":31},"end":{"line":115,"column":68}},"52":{"start":{"line":125,"column":37},"end":{"line":125,"column":58}},"53":{"start":{"line":127,"column":16},"end":{"line":127,"column":50}},"54":{"start":{"line":128,"column":16},"end":{"line":128,"column":52}},"55":{"start":{"line":130,"column":35},"end":{"line":130,"column":84}},"56":{"start":{"line":132,"column":44},"end":{"line":132,"column":115}},"57":{"start":{"line":138,"column":37},"end":{"line":138,"column":56}},"58":{"start":{"line":139,"column":31},"end":{"line":139,"column":63}},"59":{"start":{"line":140,"column":35},"end":{"line":140,"column":108}},"60":{"start":{"line":142,"column":41},"end":{"line":142,"column":112}},"61":{"start":{"line":152,"column":16},"end":{"line":162,"column":25}},"62":{"start":{"line":158,"column":35},"end":{"line":158,"column":77}},"63":{"start":{"line":159,"column":39},"end":{"line":159,"column":89}},"64":{"start":{"line":161,"column":48},"end":{"line":161,"column":119}},"65":{"start":{"line":177,"column":37},"end":{"line":177,"column":56}},"66":{"start":{"line":178,"column":31},"end":{"line":178,"column":63}},"67":{"start":{"line":179,"column":35},"end":{"line":179,"column":82}},"68":{"start":{"line":181,"column":41},"end":{"line":181,"column":112}},"69":{"start":{"line":186,"column":37},"end":{"line":186,"column":56}},"70":{"start":{"line":187,"column":31},"end":{"line":187,"column":63}},"71":{"start":{"line":188,"column":35},"end":{"line":188,"column":82}},"72":{"start":{"line":190,"column":41},"end":{"line":190,"column":112}}},"fnMap":{"0":{"name":"(anonymous_0)","decl":{"start":{"line":26,"column":21},"end":{"line":26,"column":22}},"loc":{"start":{"line":26,"column":69},"end":{"line":203,"column":1}},"line":26},"1":{"name":"(anonymous_1)","decl":{"start":{"line":47,"column":39},"end":{"line":47,"column":40}},"loc":{"start":{"line":47,"column":45},"end":{"line":50,"column":3}},"line":47},"2":{"name":"(anonymous_2)","decl":{"start":{"line":49,"column":19},"end":{"line":49,"column":20}},"loc":{"start":{"line":49,"column":29},"end":{"line":49,"column":42}},"line":49},"3":{"name":"getSelectRequestOptions","decl":{"start":{"line":53,"column":17},"end":{"line":53,"column":40}},"loc":{"start":{"line":53,"column":79},"end":{"line":79,"column":3}},"line":53},"4":{"name":"(anonymous_4)","decl":{"start":{"line":60,"column":55},"end":{"line":60,"column":56}},"loc":{"start":{"line":60,"column":73},"end":{"line":60,"column":115}},"line":60},"5":{"name":"(anonymous_5)","decl":{"start":{"line":63,"column":54},"end":{"line":63,"column":55}},"loc":{"start":{"line":63,"column":72},"end":{"line":63,"column":114}},"line":63},"6":{"name":"(anonymous_6)","decl":{"start":{"line":66,"column":44},"end":{"line":66,"column":45}},"loc":{"start":{"line":66,"column":62},"end":{"line":66,"column":94}},"line":66},"7":{"name":"(anonymous_7)","decl":{"start":{"line":69,"column":44},"end":{"line":69,"column":45}},"loc":{"start":{"line":69,"column":62},"end":{"line":69,"column":94}},"line":69},"8":{"name":"(anonymous_8)","decl":{"start":{"line":72,"column":55},"end":{"line":72,"column":56}},"loc":{"start":{"line":72,"column":73},"end":{"line":72,"column":115}},"line":72},"9":{"name":"addPokemonFormState","decl":{"start":{"line":81,"column":11},"end":{"line":81,"column":30}},"loc":{"start":{"line":81,"column":62},"end":{"line":98,"column":3}},"line":81},"10":{"name":"(anonymous_10)","decl":{"start":{"line":82,"column":44},"end":{"line":82,"column":45}},"loc":{"start":{"line":82,"column":61},"end":{"line":82,"column":74}},"line":82},"11":{"name":"(anonymous_11)","decl":{"start":{"line":85,"column":46},"end":{"line":85,"column":47}},"loc":{"start":{"line":85,"column":62},"end":{"line":87,"column":7}},"line":85},"12":{"name":"(anonymous_12)","decl":{"start":{"line":89,"column":44},"end":{"line":89,"column":45}},"loc":{"start":{"line":89,"column":62},"end":{"line":89,"column":77}},"line":89},"13":{"name":"(anonymous_13)","decl":{"start":{"line":94,"column":50},"end":{"line":94,"column":51}},"loc":{"start":{"line":94,"column":68},"end":{"line":94,"column":83}},"line":94},"14":{"name":"(anonymous_14)","decl":{"start":{"line":107,"column":24},"end":{"line":107,"column":25}},"loc":{"start":{"line":107,"column":31},"end":{"line":107,"column":63}},"line":107},"15":{"name":"(anonymous_15)","decl":{"start":{"line":108,"column":31},"end":{"line":108,"column":32}},"loc":{"start":{"line":108,"column":37},"end":{"line":108,"column":56}},"line":108},"16":{"name":"(anonymous_16)","decl":{"start":{"line":114,"column":31},"end":{"line":114,"column":32}},"loc":{"start":{"line":114,"column":37},"end":{"line":114,"column":61}},"line":114},"17":{"name":"(anonymous_17)","decl":{"start":{"line":115,"column":24},"end":{"line":115,"column":25}},"loc":{"start":{"line":115,"column":31},"end":{"line":115,"column":68}},"line":115},"18":{"name":"(anonymous_18)","decl":{"start":{"line":125,"column":31},"end":{"line":125,"column":32}},"loc":{"start":{"line":125,"column":37},"end":{"line":125,"column":58}},"line":125},"19":{"name":"(anonymous_19)","decl":{"start":{"line":126,"column":24},"end":{"line":126,"column":25}},"loc":{"start":{"line":126,"column":31},"end":{"line":129,"column":15}},"line":126},"20":{"name":"(anonymous_20)","decl":{"start":{"line":130,"column":23},"end":{"line":130,"column":24}},"loc":{"start":{"line":130,"column":35},"end":{"line":130,"column":84}},"line":130},"21":{"name":"(anonymous_21)","decl":{"start":{"line":132,"column":27},"end":{"line":132,"column":28}},"loc":{"start":{"line":132,"column":44},"end":{"line":132,"column":115}},"line":132},"22":{"name":"(anonymous_22)","decl":{"start":{"line":138,"column":31},"end":{"line":138,"column":32}},"loc":{"start":{"line":138,"column":37},"end":{"line":138,"column":56}},"line":138},"23":{"name":"(anonymous_23)","decl":{"start":{"line":139,"column":24},"end":{"line":139,"column":25}},"loc":{"start":{"line":139,"column":31},"end":{"line":139,"column":63}},"line":139},"24":{"name":"(anonymous_24)","decl":{"start":{"line":140,"column":23},"end":{"line":140,"column":24}},"loc":{"start":{"line":140,"column":35},"end":{"line":140,"column":108}},"line":140},"25":{"name":"(anonymous_25)","decl":{"start":{"line":142,"column":24},"end":{"line":142,"column":25}},"loc":{"start":{"line":142,"column":41},"end":{"line":142,"column":112}},"line":142},"26":{"name":"(anonymous_26)","decl":{"start":{"line":151,"column":31},"end":{"line":151,"column":32}},"loc":{"start":{"line":152,"column":16},"end":{"line":162,"column":25}},"line":152},"27":{"name":"(anonymous_27)","decl":{"start":{"line":158,"column":28},"end":{"line":158,"column":29}},"loc":{"start":{"line":158,"column":35},"end":{"line":158,"column":77}},"line":158},"28":{"name":"(anonymous_28)","decl":{"start":{"line":159,"column":27},"end":{"line":159,"column":28}},"loc":{"start":{"line":159,"column":39},"end":{"line":159,"column":89}},"line":159},"29":{"name":"(anonymous_29)","decl":{"start":{"line":161,"column":31},"end":{"line":161,"column":32}},"loc":{"start":{"line":161,"column":48},"end":{"line":161,"column":119}},"line":161},"30":{"name":"(anonymous_30)","decl":{"start":{"line":177,"column":31},"end":{"line":177,"column":32}},"loc":{"start":{"line":177,"column":37},"end":{"line":177,"column":56}},"line":177},"31":{"name":"(anonymous_31)","decl":{"start":{"line":178,"column":24},"end":{"line":178,"column":25}},"loc":{"start":{"line":178,"column":31},"end":{"line":178,"column":63}},"line":178},"32":{"name":"(anonymous_32)","decl":{"start":{"line":179,"column":23},"end":{"line":179,"column":24}},"loc":{"start":{"line":179,"column":35},"end":{"line":179,"column":82}},"line":179},"33":{"name":"(anonymous_33)","decl":{"start":{"line":181,"column":24},"end":{"line":181,"column":25}},"loc":{"start":{"line":181,"column":41},"end":{"line":181,"column":112}},"line":181},"34":{"name":"(anonymous_34)","decl":{"start":{"line":186,"column":31},"end":{"line":186,"column":32}},"loc":{"start":{"line":186,"column":37},"end":{"line":186,"column":56}},"line":186},"35":{"name":"(anonymous_35)","decl":{"start":{"line":187,"column":24},"end":{"line":187,"column":25}},"loc":{"start":{"line":187,"column":31},"end":{"line":187,"column":63}},"line":187},"36":{"name":"(anonymous_36)","decl":{"start":{"line":188,"column":23},"end":{"line":188,"column":24}},"loc":{"start":{"line":188,"column":35},"end":{"line":188,"column":82}},"line":188},"37":{"name":"(anonymous_37)","decl":{"start":{"line":190,"column":24},"end":{"line":190,"column":25}},"loc":{"start":{"line":190,"column":41},"end":{"line":190,"column":112}},"line":190}},"branchMap":{"0":{"loc":{"start":{"line":48,"column":4},"end":{"line":48,"column":40}},"type":"if","locations":[{"start":{"line":48,"column":4},"end":{"line":48,"column":40}},{"start":{},"end":{}}],"line":48},"1":{"loc":{"start":{"line":57,"column":6},"end":{"line":75,"column":7}},"type":"if","locations":[{"start":{"line":57,"column":6},"end":{"line":75,"column":7}},{"start":{},"end":{}}],"line":57},"2":{"loc":{"start":{"line":58,"column":8},"end":{"line":74,"column":9}},"type":"switch","locations":[{"start":{"line":59,"column":10},"end":{"line":61,"column":17}},{"start":{"line":62,"column":10},"end":{"line":64,"column":17}},{"start":{"line":65,"column":10},"end":{"line":67,"column":17}},{"start":{"line":68,"column":10},"end":{"line":70,"column":17}},{"start":{"line":71,"column":10},"end":{"line":73,"column":17}}],"line":58},"3":{"loc":{"start":{"line":84,"column":4},"end":{"line":96,"column":4}},"type":"if","locations":[{"start":{"line":84,"column":4},"end":{"line":96,"column":4}},{"start":{"line":92,"column":9},"end":{"line":96,"column":4}}],"line":84},"4":{"loc":{"start":{"line":109,"column":21},"end":{"line":109,"column":57}},"type":"binary-expr","locations":[{"start":{"line":109,"column":21},"end":{"line":109,"column":33}},{"start":{"line":109,"column":37},"end":{"line":109,"column":57}}],"line":109},"5":{"loc":{"start":{"line":116,"column":21},"end":{"line":116,"column":67}},"type":"binary-expr","locations":[{"start":{"line":116,"column":21},"end":{"line":116,"column":38}},{"start":{"line":116,"column":42},"end":{"line":116,"column":67}}],"line":116},"6":{"loc":{"start":{"line":124,"column":21},"end":{"line":124,"column":61}},"type":"binary-expr","locations":[{"start":{"line":124,"column":21},"end":{"line":124,"column":35}},{"start":{"line":124,"column":39},"end":{"line":124,"column":61}}],"line":124},"7":{"loc":{"start":{"line":136,"column":21},"end":{"line":136,"column":61}},"type":"binary-expr","locations":[{"start":{"line":136,"column":21},"end":{"line":136,"column":35}},{"start":{"line":136,"column":39},"end":{"line":136,"column":61}}],"line":136},"8":{"loc":{"start":{"line":154,"column":26},"end":{"line":154,"column":67}},"type":"binary-expr","locations":[{"start":{"line":154,"column":26},"end":{"line":154,"column":42}},{"start":{"line":154,"column":46},"end":{"line":154,"column":67}}],"line":154},"9":{"loc":{"start":{"line":176,"column":21},"end":{"line":176,"column":57}},"type":"binary-expr","locations":[{"start":{"line":176,"column":21},"end":{"line":176,"column":33}},{"start":{"line":176,"column":37},"end":{"line":176,"column":57}}],"line":176},"10":{"loc":{"start":{"line":185,"column":21},"end":{"line":185,"column":60}},"type":"binary-expr","locations":[{"start":{"line":185,"column":21},"end":{"line":185,"column":33}},{"start":{"line":185,"column":37},"end":{"line":185,"column":60}}],"line":185}},"s":{"0":0,"1":0,"2":0,"3":0,"4":0,"5":0,"6":0,"7":0,"8":0,"9":0,"10":0,"11":0,"12":0,"13":0,"14":0,"15":0,"16":0,"17":0,"18":0,"19":0,"20":0,"21":0,"22":0,"23":0,"24":0,"25":0,"26":0,"27":0,"28":0,"29":0,"30":0,"31":0,"32":0,"33":0,"34":0,"35":0,"36":0,"37":0,"38":0,"39":0,"40":0,"41":0,"42":0,"43":0,"44":0,"45":0,"46":0,"47":0,"48":0,"49":0,"50":0,"51":0,"52":0,"53":0,"54":0,"55":0,"56":0,"57":0,"58":0,"59":0,"60":0,"61":0,"62":0,"63":0,"64":0,"65":0,"66":0,"67":0,"68":0,"69":0,"70":0,"71":0,"72":0},"f":{"0":0,"1":0,"2":0,"3":0,"4":0,"5":0,"6":0,"7":0,"8":0,"9":0,"10":0,"11":0,"12":0,"13":0,"14":0,"15":0,"16":0,"17":0,"18":0,"19":0,"20":0,"21":0,"22":0,"23":0,"24":0,"25":0,"26":0,"27":0,"28":0,"29":0,"30":0,"31":0,"32":0,"33":0,"34":0,"35":0,"36":0,"37":0},"b":{"0":[0,0],"1":[0,0],"2":[0,0,0,0,0],"3":[0,0],"4":[0,0],"5":[0,0],"6":[0,0],"7":[0,0],"8":[0,0],"9":[0,0],"10":[0,0]}}
,"/Users/felipepaulino/Documents/consulta-pokemon/src/components/ScheduleForm/schema.ts": {"path":"/Users/felipepaulino/Documents/consulta-pokemon/src/components/ScheduleForm/schema.ts","statementMap":{"0":{"start":{"line":3,"column":30},"end":{"line":11,"column":2}}},"fnMap":{},"branchMap":{},"s":{"0":0},"f":{},"b":{}}
,"/Users/felipepaulino/Documents/consulta-pokemon/src/components/ScheduleForm/styles.ts": {"path":"/Users/felipepaulino/Documents/consulta-pokemon/src/components/ScheduleForm/styles.ts","statementMap":{"0":{"start":{"line":3,"column":29},"end":{"line":7,"column":1}},"1":{"start":{"line":9,"column":18},"end":{"line":11,"column":1}},"2":{"start":{"line":13,"column":25},"end":{"line":19,"column":1}},"3":{"start":{"line":21,"column":24},"end":{"line":25,"column":1}},"4":{"start":{"line":26,"column":24},"end":{"line":29,"column":1}},"5":{"start":{"line":31,"column":25},"end":{"line":35,"column":1}},"6":{"start":{"line":37,"column":29},"end":{"line":41,"column":1}},"7":{"start":{"line":43,"column":33},"end":{"line":47,"column":1}},"8":{"start":{"line":49,"column":27},"end":{"line":53,"column":1}},"9":{"start":{"line":55,"column":23},"end":{"line":59,"column":1}},"10":{"start":{"line":61,"column":23},"end":{"line":68,"column":1}},"11":{"start":{"line":70,"column":35},"end":{"line":75,"column":1}},"12":{"start":{"line":77,"column":29},"end":{"line":85,"column":1}},"13":{"start":{"line":87,"column":25},"end":{"line":91,"column":1}}},"fnMap":{},"branchMap":{},"s":{"0":0,"1":0,"2":0,"3":0,"4":0,"5":0,"6":0,"7":0,"8":0,"9":0,"10":0,"11":0,"12":0,"13":0},"f":{},"b":{}}
,"/Users/felipepaulino/Documents/consulta-pokemon/src/components/ScheduleForm/ScheduleFormResult/index.tsx": {"path":"/Users/felipepaulino/Documents/consulta-pokemon/src/components/ScheduleForm/ScheduleFormResult/index.tsx","statementMap":{"0":{"start":{"line":12,"column":2},"end":{"line":32,"column":3}}},"fnMap":{"0":{"name":"ScheduleFormCheckout","decl":{"start":{"line":10,"column":9},"end":{"line":10,"column":29}},"loc":{"start":{"line":10,"column":72},"end":{"line":33,"column":1}},"line":10}},"branchMap":{},"s":{"0":0},"f":{"0":0},"b":{}}
,"/Users/felipepaulino/Documents/consulta-pokemon/src/components/Section/index.tsx": {"path":"/Users/felipepaulino/Documents/consulta-pokemon/src/components/Section/index.tsx","statementMap":{"0":{"start":{"line":12,"column":16},"end":{"line":22,"column":1}},"1":{"start":{"line":13,"column":2},"end":{"line":21,"column":3}}},"fnMap":{"0":{"name":"(anonymous_0)","decl":{"start":{"line":12,"column":16},"end":{"line":12,"column":17}},"loc":{"start":{"line":12,"column":92},"end":{"line":22,"column":1}},"line":12}},"branchMap":{"0":{"loc":{"start":{"line":12,"column":19},"end":{"line":12,"column":29}},"type":"default-arg","locations":[{"start":{"line":12,"column":27},"end":{"line":12,"column":29}}],"line":12},"1":{"loc":{"start":{"line":12,"column":31},"end":{"line":12,"column":44}},"type":"default-arg","locations":[{"start":{"line":12,"column":42},"end":{"line":12,"column":44}}],"line":12},"2":{"loc":{"start":{"line":12,"column":46},"end":{"line":12,"column":70}},"type":"default-arg","locations":[{"start":{"line":12,"column":61},"end":{"line":12,"column":70}}],"line":12}},"s":{"0":1,"1":2},"f":{"0":2},"b":{"0":[0],"1":[0],"2":[0]},"_coverageSchema":"1a1c01bbd47fc00a2c39e90264f33305004495a9","hash":"ac2c81eeb8fac84f6917112a7b9b8d358b9002b7"}
,"/Users/felipepaulino/Documents/consulta-pokemon/src/components/Section/styles.ts": {"path":"/Users/felipepaulino/Documents/consulta-pokemon/src/components/Section/styles.ts","statementMap":{"0":{"start":{"line":3,"column":32},"end":{"line":6,"column":1}},"1":{"start":{"line":8,"column":28},"end":{"line":12,"column":1}},"2":{"start":{"line":14,"column":31},"end":{"line":17,"column":1}}},"fnMap":{},"branchMap":{},"s":{"0":1,"1":1,"2":1},"f":{},"b":{},"_coverageSchema":"1a1c01bbd47fc00a2c39e90264f33305004495a9","hash":"c732c855c0bc6417c901603f0fede2da934d0233"}
,"/Users/felipepaulino/Documents/consulta-pokemon/src/components/Select/index.tsx": {"path":"/Users/felipepaulino/Documents/consulta-pokemon/src/components/Select/index.tsx","statementMap":{"0":{"start":{"line":13,"column":15},"end":{"line":27,"column":1}},"1":{"start":{"line":14,"column":2},"end":{"line":26,"column":3}}},"fnMap":{"0":{"name":"(anonymous_0)","decl":{"start":{"line":13,"column":15},"end":{"line":13,"column":16}},"loc":{"start":{"line":13,"column":46},"end":{"line":27,"column":1}},"line":13}},"branchMap":{"0":{"loc":{"start":{"line":19,"column":7},"end":{"line":19,"column":82}},"type":"binary-expr","locations":[{"start":{"line":19,"column":7},"end":{"line":19,"column":18}},{"start":{"line":19,"column":22},"end":{"line":19,"column":82}}],"line":19},"1":{"loc":{"start":{"line":24,"column":7},"end":{"line":24,"column":54}},"type":"binary-expr","locations":[{"start":{"line":24,"column":7},"end":{"line":24,"column":18}},{"start":{"line":24,"column":22},"end":{"line":24,"column":54}}],"line":24}},"s":{"0":1,"1":5},"f":{"0":5},"b":{"0":[5,5],"1":[5,1]},"_coverageSchema":"1a1c01bbd47fc00a2c39e90264f33305004495a9","hash":"f72d31215ad02d8cc037cd8b154fbc45dd634f3b"}
,"/Users/felipepaulino/Documents/consulta-pokemon/src/components/Select/styles.ts": {"path":"/Users/felipepaulino/Documents/consulta-pokemon/src/components/Select/styles.ts","statementMap":{"0":{"start":{"line":7,"column":29},"end":{"line":16,"column":1}},"1":{"start":{"line":10,"column":21},"end":{"line":15,"column":3}},"2":{"start":{"line":18,"column":28},"end":{"line":23,"column":1}},"3":{"start":{"line":22,"column":28},"end":{"line":22,"column":64}},"4":{"start":{"line":25,"column":21},"end":{"line":32,"column":1}},"5":{"start":{"line":31,"column":36},"end":{"line":31,"column":65}},"6":{"start":{"line":34,"column":21},"end":{"line":37,"column":1}}},"fnMap":{"0":{"name":"(anonymous_0)","decl":{"start":{"line":10,"column":4},"end":{"line":10,"column":5}},"loc":{"start":{"line":10,"column":21},"end":{"line":15,"column":3}},"line":10},"1":{"name":"(anonymous_1)","decl":{"start":{"line":22,"column":11},"end":{"line":22,"column":12}},"loc":{"start":{"line":22,"column":28},"end":{"line":22,"column":64}},"line":22},"2":{"name":"(anonymous_2)","decl":{"start":{"line":31,"column":19},"end":{"line":31,"column":20}},"loc":{"start":{"line":31,"column":36},"end":{"line":31,"column":65}},"line":31}},"branchMap":{"0":{"loc":{"start":{"line":10,"column":21},"end":{"line":15,"column":3}},"type":"binary-expr","locations":[{"start":{"line":10,"column":21},"end":{"line":10,"column":40}},{"start":{"line":10,"column":44},"end":{"line":15,"column":3}}],"line":10},"1":{"loc":{"start":{"line":22,"column":28},"end":{"line":22,"column":64}},"type":"cond-expr","locations":[{"start":{"line":22,"column":49},"end":{"line":22,"column":55}},{"start":{"line":22,"column":57},"end":{"line":22,"column":64}}],"line":22},"2":{"loc":{"start":{"line":31,"column":36},"end":{"line":31,"column":65}},"type":"binary-expr","locations":[{"start":{"line":31,"column":36},"end":{"line":31,"column":55}},{"start":{"line":31,"column":59},"end":{"line":31,"column":65}}],"line":31}},"s":{"0":1,"1":5,"2":1,"3":5,"4":1,"5":5,"6":1},"f":{"0":5,"1":5,"2":5},"b":{"0":[5,1],"1":[1,4],"2":[5,1]},"_coverageSchema":"1a1c01bbd47fc00a2c39e90264f33305004495a9","hash":"9f83a70b13ca14bb8d2ecb5f1dc1059f369c9541"}
,"/Users/felipepaulino/Documents/consulta-pokemon/src/components/Template/index.tsx": {"path":"/Users/felipepaulino/Documents/consulta-pokemon/src/components/Template/index.tsx","statementMap":{"0":{"start":{"line":9,"column":17},"end":{"line":19,"column":1}},"1":{"start":{"line":10,"column":2},"end":{"line":18,"column":3}}},"fnMap":{"0":{"name":"(anonymous_0)","decl":{"start":{"line":9,"column":17},"end":{"line":9,"column":18}},"loc":{"start":{"line":9,"column":56},"end":{"line":19,"column":1}},"line":9}},"branchMap":{},"s":{"0":0,"1":0},"f":{"0":0},"b":{}}
,"/Users/felipepaulino/Documents/consulta-pokemon/src/components/Template/styles.ts": {"path":"/Users/felipepaulino/Documents/consulta-pokemon/src/components/Template/styles.ts","statementMap":{"0":{"start":{"line":3,"column":23},"end":{"line":7,"column":1}}},"fnMap":{},"branchMap":{},"s":{"0":0},"f":{},"b":{}}
,"/Users/felipepaulino/Documents/consulta-pokemon/src/configs/styles/GlobalStyles.ts": {"path":"/Users/felipepaulino/Documents/consulta-pokemon/src/configs/styles/GlobalStyles.ts","statementMap":{"0":{"start":{"line":7,"column":20},"end":{"line":18,"column":1}},"1":{"start":{"line":12,"column":28},"end":{"line":12,"column":44}}},"fnMap":{"0":{"name":"(anonymous_0)","decl":{"start":{"line":12,"column":17},"end":{"line":12,"column":18}},"loc":{"start":{"line":12,"column":28},"end":{"line":12,"column":44}},"line":12}},"branchMap":{},"s":{"0":0,"1":0},"f":{"0":0},"b":{}}
,"/Users/felipepaulino/Documents/consulta-pokemon/src/configs/styles/config.ts": {"path":"/Users/felipepaulino/Documents/consulta-pokemon/src/configs/styles/config.ts","statementMap":{"0":{"start":{"line":18,"column":36},"end":{"line":24,"column":1}},"1":{"start":{"line":26,"column":34},"end":{"line":33,"column":1}},"2":{"start":{"line":36,"column":21},"end":{"line":52,"column":1}}},"fnMap":{},"branchMap":{},"s":{"0":0,"1":0,"2":0},"f":{},"b":{}}
,"/Users/felipepaulino/Documents/consulta-pokemon/src/context/LogoContext/logoProvider.tsx": {"path":"/Users/felipepaulino/Documents/consulta-pokemon/src/context/LogoContext/logoProvider.tsx","statementMap":{"0":{"start":{"line":8,"column":20},"end":{"line":8,"column":73}},"1":{"start":{"line":15,"column":34},"end":{"line":15,"column":57}},"2":{"start":{"line":17,"column":2},"end":{"line":24,"column":9}},"3":{"start":{"line":18,"column":23},"end":{"line":20,"column":12}},"4":{"start":{"line":19,"column":6},"end":{"line":19,"column":25}},"5":{"start":{"line":21,"column":4},"end":{"line":23,"column":6}},"6":{"start":{"line":22,"column":6},"end":{"line":22,"column":32}},"7":{"start":{"line":26,"column":2},"end":{"line":30,"column":4}},"8":{"start":{"line":34,"column":18},"end":{"line":34,"column":41}},"9":{"start":{"line":35,"column":2},"end":{"line":37,"column":3}},"10":{"start":{"line":36,"column":4},"end":{"line":36,"column":66}},"11":{"start":{"line":38,"column":2},"end":{"line":38,"column":17}}},"fnMap":{"0":{"name":"LogoProvider","decl":{"start":{"line":14,"column":16},"end":{"line":14,"column":28}},"loc":{"start":{"line":14,"column":63},"end":{"line":31,"column":1}},"line":14},"1":{"name":"(anonymous_1)","decl":{"start":{"line":17,"column":12},"end":{"line":17,"column":13}},"loc":{"start":{"line":17,"column":18},"end":{"line":24,"column":3}},"line":17},"2":{"name":"(anonymous_2)","decl":{"start":{"line":18,"column":35},"end":{"line":18,"column":36}},"loc":{"start":{"line":18,"column":41},"end":{"line":20,"column":5}},"line":18},"3":{"name":"(anonymous_3)","decl":{"start":{"line":21,"column":11},"end":{"line":21,"column":12}},"loc":{"start":{"line":21,"column":17},"end":{"line":23,"column":5}},"line":21},"4":{"name":"useLogo","decl":{"start":{"line":33,"column":16},"end":{"line":33,"column":23}},"loc":{"start":{"line":33,"column":26},"end":{"line":39,"column":1}},"line":33}},"branchMap":{"0":{"loc":{"start":{"line":35,"column":2},"end":{"line":37,"column":3}},"type":"if","locations":[{"start":{"line":35,"column":2},"end":{"line":37,"column":3}},{"start":{},"end":{}}],"line":35}},"s":{"0":2,"1":3,"2":3,"3":3,"4":0,"5":3,"6":3,"7":3,"8":3,"9":3,"10":0,"11":3},"f":{"0":3,"1":3,"2":0,"3":3,"4":3},"b":{"0":[0,3]},"_coverageSchema":"1a1c01bbd47fc00a2c39e90264f33305004495a9","hash":"8ded88f69f7117f571f2cca068c94267c8dc6065"}
,"/Users/felipepaulino/Documents/consulta-pokemon/src/services/ScheduleForm/index.ts": {"path":"/Users/felipepaulino/Documents/consulta-pokemon/src/services/ScheduleForm/index.ts","statementMap":{"0":{"start":{"line":8,"column":2},"end":{"line":8,"column":27}},"1":{"start":{"line":9,"column":2},"end":{"line":44,"column":3}},"2":{"start":{"line":11,"column":6},"end":{"line":15,"column":7}},"3":{"start":{"line":17,"column":4},"end":{"line":24,"column":5}},"4":{"start":{"line":26,"column":4},"end":{"line":30,"column":5}},"5":{"start":{"line":32,"column":4},"end":{"line":37,"column":5}},"6":{"start":{"line":39,"column":4},"end":{"line":43,"column":5}}},"fnMap":{"0":{"name":"FormScheduleSelectApiRequest","decl":{"start":{"line":7,"column":9},"end":{"line":7,"column":37}},"loc":{"start":{"line":7,"column":79},"end":{"line":45,"column":1}},"line":7}},"branchMap":{"0":{"loc":{"start":{"line":9,"column":2},"end":{"line":44,"column":3}},"type":"switch","locations":[{"start":{"line":10,"column":4},"end":{"line":15,"column":7}},{"start":{"line":16,"column":2},"end":{"line":24,"column":5}},{"start":{"line":25,"column":2},"end":{"line":30,"column":5}},{"start":{"line":31,"column":2},"end":{"line":37,"column":5}},{"start":{"line":38,"column":2},"end":{"line":43,"column":5}}],"line":9}},"s":{"0":4,"1":4,"2":0,"3":1,"4":1,"5":1,"6":1},"f":{"0":4},"b":{"0":[0,1,1,1,1]},"_coverageSchema":"1a1c01bbd47fc00a2c39e90264f33305004495a9","hash":"99ddc3858fee29cae39c4fcf1a79e54b404f99e2"}
,"/Users/felipepaulino/Documents/consulta-pokemon/src/utils/formatCurrency/index.ts": {"path":"/Users/felipepaulino/Documents/consulta-pokemon/src/utils/formatCurrency/index.ts","statementMap":{"0":{"start":{"line":1,"column":32},"end":{"line":4,"column":2}},"1":{"start":{"line":6,"column":30},"end":{"line":6,"column":67}},"2":{"start":{"line":6,"column":49},"end":{"line":6,"column":67}}},"fnMap":{"0":{"name":"(anonymous_0)","decl":{"start":{"line":6,"column":30},"end":{"line":6,"column":31}},"loc":{"start":{"line":6,"column":49},"end":{"line":6,"column":67}},"line":6}},"branchMap":{},"s":{"0":0,"1":0,"2":0},"f":{"0":0},"b":{}}
,"/Users/felipepaulino/Documents/consulta-pokemon/src/utils/formatDate/index.tsx": {"path":"/Users/felipepaulino/Documents/consulta-pokemon/src/utils/formatDate/index.tsx","statementMap":{"0":{"start":{"line":2,"column":2},"end":{"line":6,"column":3}},"1":{"start":{"line":3,"column":4},"end":{"line":3,"column":35}},"2":{"start":{"line":4,"column":9},"end":{"line":6,"column":3}},"3":{"start":{"line":5,"column":4},"end":{"line":5,"column":36}}},"fnMap":{"0":{"name":"formatData","decl":{"start":{"line":1,"column":24},"end":{"line":1,"column":34}},"loc":{"start":{"line":1,"column":75},"end":{"line":7,"column":1}},"line":1}},"branchMap":{"0":{"loc":{"start":{"line":2,"column":2},"end":{"line":6,"column":3}},"type":"if","locations":[{"start":{"line":2,"column":2},"end":{"line":6,"column":3}},{"start":{"line":4,"column":9},"end":{"line":6,"column":3}}],"line":2},"1":{"loc":{"start":{"line":4,"column":9},"end":{"line":6,"column":3}},"type":"if","locations":[{"start":{"line":4,"column":9},"end":{"line":6,"column":3}},{"start":{},"end":{}}],"line":4}},"s":{"0":0,"1":0,"2":0,"3":0},"f":{"0":0},"b":{"0":[0,0],"1":[0,0]}}
,"/Users/felipepaulino/Documents/consulta-pokemon/src/utils/makeCall/index.ts": {"path":"/Users/felipepaulino/Documents/consulta-pokemon/src/utils/makeCall/index.ts","statementMap":{"0":{"start":{"line":5,"column":2},"end":{"line":10,"column":3}},"1":{"start":{"line":7,"column":6},"end":{"line":7,"column":19}},"2":{"start":{"line":9,"column":6},"end":{"line":9,"column":40}},"3":{"start":{"line":22,"column":18},"end":{"line":22,"column":41}},"4":{"start":{"line":23,"column":18},"end":{"line":23,"column":72}},"5":{"start":{"line":25,"column":2},"end":{"line":34,"column":3}},"6":{"start":{"line":26,"column":21},"end":{"line":30,"column":6}},"7":{"start":{"line":31,"column":4},"end":{"line":31,"column":20}},"8":{"start":{"line":33,"column":4},"end":{"line":33,"column":16}}},"fnMap":{"0":{"name":"getBaseUrl","decl":{"start":{"line":4,"column":9},"end":{"line":4,"column":19}},"loc":{"start":{"line":4,"column":38},"end":{"line":11,"column":1}},"line":4},"1":{"name":"makeHttpCall","decl":{"start":{"line":15,"column":15},"end":{"line":15,"column":27}},"loc":{"start":{"line":21,"column":32},"end":{"line":35,"column":1}},"line":21}},"branchMap":{"0":{"loc":{"start":{"line":5,"column":2},"end":{"line":10,"column":3}},"type":"switch","locations":[{"start":{"line":6,"column":4},"end":{"line":7,"column":19}},{"start":{"line":8,"column":4},"end":{"line":9,"column":40}}],"line":5},"1":{"loc":{"start":{"line":23,"column":37},"end":{"line":23,"column":70}},"type":"cond-expr","locations":[{"start":{"line":23,"column":50},"end":{"line":23,"column":66}},{"start":{"line":23,"column":68},"end":{"line":23,"column":70}}],"line":23}},"s":{"0":2,"1":1,"2":1,"3":2,"4":2,"5":2,"6":2,"7":1,"8":1},"f":{"0":2,"1":2},"b":{"0":[1,1],"1":[0,2]},"_coverageSchema":"1a1c01bbd47fc00a2c39e90264f33305004495a9","hash":"4fdfb191b65a0f8345a6e4fcab20c01494c8701f"}
}
