TN:
SF:src/components/Breadcrumbs/index.tsx
FN:5,(anonymous_0)
FN:7,(anonymous_1)
FN:13,(anonymous_2)
FN:29,(anonymous_3)
FNF:4
FNH:4
FNDA:3,(anonymous_0)
FNDA:6,(anonymous_1)
FNDA:3,(anonymous_2)
FNDA:3,(anonymous_3)
DA:5,2
DA:6,3
DA:7,6
DA:9,3
DA:10,3
DA:11,3
DA:13,3
DA:14,3
DA:15,3
DA:16,3
DA:17,3
DA:19,3
DA:22,3
DA:30,3
LF:14
LH:14
BRF:0
BRH:0
end_of_record
TN:
SF:src/components/Breadcrumbs/styles.ts
FNF:0
FNH:0
DA:3,2
DA:11,2
DA:25,2
LF:3
LH:3
BRF:0
BRH:0
end_of_record
TN:
SF:src/components/Button/IButtonProps.ts
FNF:0
FNH:0
LF:0
LH:0
BRF:0
BRH:0
end_of_record
TN:
SF:src/components/Button/index.tsx
FN:5,(anonymous_0)
FNF:1
FNH:1
FNDA:3,(anonymous_0)
DA:5,2
DA:6,3
LF:2
LH:2
BRDA:5,0,0,0
BRF:1
BRH:0
end_of_record
TN:
SF:src/components/Button/styles.ts
FN:39,(anonymous_0)
FN:40,(anonymous_1)
FN:41,(anonymous_2)
FNF:3
FNH:3
FNDA:3,(anonymous_0)
FNDA:3,(anonymous_1)
FNDA:3,(anonymous_2)
DA:4,2
DA:38,2
DA:39,3
DA:40,3
DA:41,3
LF:5
LH:5
BRDA:39,0,0,3
BRDA:39,0,1,2
BRDA:40,1,0,3
BRDA:40,1,1,1
BRDA:41,2,0,0
BRDA:41,2,1,3
BRF:6
BRH:5
end_of_record
TN:
SF:src/components/Container/IContainerProps.ts
FNF:0
FNH:0
LF:0
LH:0
BRF:0
BRH:0
end_of_record
TN:
SF:src/components/Container/index.tsx
FN:4,(anonymous_0)
FNF:1
FNH:1
FNDA:4,(anonymous_0)
DA:4,2
DA:5,4
LF:2
LH:2
BRF:0
BRH:0
end_of_record
TN:
SF:src/components/Container/styles.ts
FN:13,(anonymous_0)
FNF:1
FNH:1
FNDA:4,(anonymous_0)
DA:4,2
DA:11,2
DA:13,4
DA:16,2
LF:4
LH:4
BRDA:13,0,0,4
BRDA:13,0,1,2
BRF:2
BRH:2
end_of_record
TN:
SF:src/components/Footer/index.tsx
FN:3,(anonymous_0)
FNF:1
FNH:1
FNDA:1,(anonymous_0)
DA:3,1
DA:4,1
LF:2
LH:2
BRF:0
BRH:0
end_of_record
TN:
SF:src/components/Footer/styles.ts
FNF:0
FNH:0
DA:3,1
LF:1
LH:1
BRF:0
BRH:0
end_of_record
TN:
SF:src/components/Header/index.tsx
FN:6,(anonymous_0)
FNF:1
FNH:1
FNDA:1,(anonymous_0)
DA:6,1
DA:7,1
LF:2
LH:2
BRF:0
BRH:0
end_of_record
TN:
SF:src/components/Header/styles.ts
FNF:0
FNH:0
DA:4,1
DA:16,1
DA:22,1
DA:31,1
LF:4
LH:4
BRF:0
BRH:0
end_of_record
TN:
SF:src/components/HomeContainer/index.tsx
FN:3,(anonymous_0)
FNF:1
FNH:1
FNDA:1,(anonymous_0)
DA:3,1
DA:5,1
LF:2
LH:2
BRF:0
BRH:0
end_of_record
TN:
SF:src/components/HomeContainer/styles.ts
FNF:0
FNH:0
DA:3,1
DA:15,1
LF:2
LH:2
BRF:0
BRH:0
end_of_record
TN:
SF:src/components/Input/index.tsx
FN:8,(anonymous_0)
FNF:1
FNH:1
FNDA:2,(anonymous_0)
DA:8,1
DA:9,2
LF:2
LH:2
BRDA:11,0,0,2
BRDA:11,0,1,2
BRDA:13,1,0,2
BRDA:13,1,1,1
BRF:4
BRH:4
end_of_record
TN:
SF:src/components/Input/styles.ts
FNF:0
FNH:0
DA:4,1
DA:9,1
DA:16,1
DA:22,1
LF:4
LH:4
BRF:0
BRH:0
end_of_record
TN:
SF:src/components/Logo/index.tsx
FN:7,(anonymous_0)
FN:10,(anonymous_1)
FN:17,(anonymous_2)
FN:18,(anonymous_3)
FNF:4
FNH:2
FNDA:3,(anonymous_0)
FNDA:3,(anonymous_1)
FNDA:0,(anonymous_2)
FNDA:0,(anonymous_3)
DA:7,2
DA:8,3
DA:9,3
DA:10,3
DA:11,3
DA:13,3
DA:17,0
DA:18,0
LF:8
LH:6
BRF:0
BRH:0
end_of_record
TN:
SF:src/components/Logo/styles.ts
FN:16,(anonymous_0)
FN:28,(anonymous_1)
FNF:2
FNH:2
FNDA:3,(anonymous_0)
FNDA:3,(anonymous_1)
DA:7,2
DA:16,3
DA:23,2
DA:28,3
LF:4
LH:4
BRDA:17,0,0,3
BRDA:17,0,1,0
BRDA:29,1,0,3
BRDA:29,1,1,0
BRDA:30,2,0,3
BRDA:30,2,1,0
BRF:6
BRH:3
end_of_record
TN:
SF:src/components/MessageAlert/index.tsx
FN:18,MessageAlert
FN:30,(anonymous_1)
FN:39,(anonymous_2)
FNF:3
FNH:0
FNDA:0,MessageAlert
FNDA:0,(anonymous_1)
FNDA:0,(anonymous_2)
DA:19,0
DA:21,0
DA:30,0
DA:39,0
LF:4
LH:0
BRDA:23,0,0,0
BRDA:23,0,1,0
BRDA:29,1,0,0
BRDA:29,1,1,0
BRDA:29,2,0,0
BRDA:29,2,1,0
BRDA:29,2,2,0
BRF:7
BRH:0
end_of_record
TN:
SF:src/components/MessageAlert/styles.ts
FNF:0
FNH:0
DA:3,0
DA:11,0
DA:25,0
DA:31,0
LF:4
LH:0
BRF:0
BRH:0
end_of_record
TN:
SF:src/components/SVGS/ErrorIcon.tsx
FN:3,ErrorIcon
FNF:1
FNH:0
FNDA:0,ErrorIcon
DA:4,0
LF:1
LH:0
BRF:0
BRH:0
end_of_record
TN:
SF:src/components/SVGS/SuccsessIcon.tsx
FN:3,SuccsessIcon
FNF:1
FNH:0
FNDA:0,SuccsessIcon
DA:4,0
LF:1
LH:0
BRF:0
BRH:0
end_of_record
TN:
SF:src/components/ScheduleForm/index.tsx
FN:26,(anonymous_0)
FN:47,(anonymous_1)
FN:49,(anonymous_2)
FN:53,getSelectRequestOptions
FN:60,(anonymous_4)
FN:63,(anonymous_5)
FN:66,(anonymous_6)
FN:69,(anonymous_7)
FN:72,(anonymous_8)
FN:81,addPokemonFormState
FN:82,(anonymous_10)
FN:85,(anonymous_11)
FN:89,(anonymous_12)
FN:94,(anonymous_13)
FN:107,(anonymous_14)
FN:108,(anonymous_15)
FN:114,(anonymous_16)
FN:115,(anonymous_17)
FN:125,(anonymous_18)
FN:126,(anonymous_19)
FN:130,(anonymous_20)
FN:132,(anonymous_21)
FN:138,(anonymous_22)
FN:139,(anonymous_23)
FN:140,(anonymous_24)
FN:142,(anonymous_25)
FN:151,(anonymous_26)
FN:158,(anonymous_27)
FN:159,(anonymous_28)
FN:161,(anonymous_29)
FN:177,(anonymous_30)
FN:178,(anonymous_31)
FN:179,(anonymous_32)
FN:181,(anonymous_33)
FN:186,(anonymous_34)
FN:187,(anonymous_35)
FN:188,(anonymous_36)
FN:190,(anonymous_37)
FNF:38
FNH:0
FNDA:0,(anonymous_0)
FNDA:0,(anonymous_1)
FNDA:0,(anonymous_2)
FNDA:0,getSelectRequestOptions
FNDA:0,(anonymous_4)
FNDA:0,(anonymous_5)
FNDA:0,(anonymous_6)
FNDA:0,(anonymous_7)
FNDA:0,(anonymous_8)
FNDA:0,addPokemonFormState
FNDA:0,(anonymous_10)
FNDA:0,(anonymous_11)
FNDA:0,(anonymous_12)
FNDA:0,(anonymous_13)
FNDA:0,(anonymous_14)
FNDA:0,(anonymous_15)
FNDA:0,(anonymous_16)
FNDA:0,(anonymous_17)
FNDA:0,(anonymous_18)
FNDA:0,(anonymous_19)
FNDA:0,(anonymous_20)
FNDA:0,(anonymous_21)
FNDA:0,(anonymous_22)
FNDA:0,(anonymous_23)
FNDA:0,(anonymous_24)
FNDA:0,(anonymous_25)
FNDA:0,(anonymous_26)
FNDA:0,(anonymous_27)
FNDA:0,(anonymous_28)
FNDA:0,(anonymous_29)
FNDA:0,(anonymous_30)
FNDA:0,(anonymous_31)
FNDA:0,(anonymous_32)
FNDA:0,(anonymous_33)
FNDA:0,(anonymous_34)
FNDA:0,(anonymous_35)
FNDA:0,(anonymous_36)
FNDA:0,(anonymous_37)
DA:26,0
DA:32,0
DA:36,0
DA:37,0
DA:38,0
DA:39,0
DA:40,0
DA:41,0
DA:42,0
DA:43,0
DA:47,0
DA:48,0
DA:49,0
DA:54,0
DA:55,0
DA:56,0
DA:57,0
DA:58,0
DA:60,0
DA:61,0
DA:63,0
DA:64,0
DA:66,0
DA:67,0
DA:69,0
DA:70,0
DA:72,0
DA:73,0
DA:77,0
DA:82,0
DA:84,0
DA:85,0
DA:86,0
DA:88,0
DA:89,0
DA:93,0
DA:94,0
DA:100,0
DA:107,0
DA:108,0
DA:114,0
DA:115,0
DA:125,0
DA:127,0
DA:128,0
DA:130,0
DA:132,0
DA:138,0
DA:139,0
DA:140,0
DA:142,0
DA:152,0
DA:158,0
DA:159,0
DA:161,0
DA:177,0
DA:178,0
DA:179,0
DA:181,0
DA:186,0
DA:187,0
DA:188,0
DA:190,0
LF:63
LH:0
BRDA:48,0,0,0
BRDA:48,0,1,0
BRDA:57,1,0,0
BRDA:57,1,1,0
BRDA:58,2,0,0
BRDA:58,2,1,0
BRDA:58,2,2,0
BRDA:58,2,3,0
BRDA:58,2,4,0
BRDA:84,3,0,0
BRDA:84,3,1,0
BRDA:109,4,0,0
BRDA:109,4,1,0
BRDA:116,5,0,0
BRDA:116,5,1,0
BRDA:124,6,0,0
BRDA:124,6,1,0
BRDA:136,7,0,0
BRDA:136,7,1,0
BRDA:154,8,0,0
BRDA:154,8,1,0
BRDA:176,9,0,0
BRDA:176,9,1,0
BRDA:185,10,0,0
BRDA:185,10,1,0
BRF:25
BRH:0
end_of_record
TN:
SF:src/components/ScheduleForm/schema.ts
FNF:0
FNH:0
DA:3,0
LF:1
LH:0
BRF:0
BRH:0
end_of_record
TN:
SF:src/components/ScheduleForm/styles.ts
FNF:0
FNH:0
DA:3,0
DA:9,0
DA:13,0
DA:21,0
DA:26,0
DA:31,0
DA:37,0
DA:43,0
DA:49,0
DA:55,0
DA:61,0
DA:70,0
DA:77,0
DA:87,0
LF:14
LH:0
BRF:0
BRH:0
end_of_record
TN:
SF:src/components/ScheduleForm/ScheduleFormResult/index.tsx
FN:10,ScheduleFormCheckout
FNF:1
FNH:0
FNDA:0,ScheduleFormCheckout
DA:12,0
LF:1
LH:0
BRF:0
BRH:0
end_of_record
TN:
SF:src/components/Section/index.tsx
FN:12,(anonymous_0)
FNF:1
FNH:1
FNDA:2,(anonymous_0)
DA:12,1
DA:13,2
LF:2
LH:2
BRDA:12,0,0,0
BRDA:12,1,0,0
BRDA:12,2,0,0
BRF:3
BRH:0
end_of_record
TN:
SF:src/components/Section/styles.ts
FNF:0
FNH:0
DA:3,1
DA:8,1
DA:14,1
LF:3
LH:3
BRF:0
BRH:0
end_of_record
TN:
SF:src/components/Select/index.tsx
FN:13,(anonymous_0)
FNF:1
FNH:1
FNDA:5,(anonymous_0)
DA:13,1
DA:14,5
LF:2
LH:2
BRDA:19,0,0,5
BRDA:19,0,1,5
BRDA:24,1,0,5
BRDA:24,1,1,1
BRF:4
BRH:4
end_of_record
TN:
SF:src/components/Select/styles.ts
FN:10,(anonymous_0)
FN:22,(anonymous_1)
FN:31,(anonymous_2)
FNF:3
FNH:3
FNDA:5,(anonymous_0)
FNDA:5,(anonymous_1)
FNDA:5,(anonymous_2)
DA:7,1
DA:10,5
DA:18,1
DA:22,5
DA:25,1
DA:31,5
DA:34,1
LF:7
LH:7
BRDA:10,0,0,5
BRDA:10,0,1,1
BRDA:22,1,0,1
BRDA:22,1,1,4
BRDA:31,2,0,5
BRDA:31,2,1,1
BRF:6
BRH:6
end_of_record
TN:
SF:src/components/Template/index.tsx
FN:9,(anonymous_0)
FNF:1
FNH:0
FNDA:0,(anonymous_0)
DA:9,0
DA:10,0
LF:2
LH:0
BRF:0
BRH:0
end_of_record
TN:
SF:src/components/Template/styles.ts
FNF:0
FNH:0
DA:3,0
LF:1
LH:0
BRF:0
BRH:0
end_of_record
TN:
SF:src/configs/styles/GlobalStyles.ts
FN:12,(anonymous_0)
FNF:1
FNH:0
FNDA:0,(anonymous_0)
DA:7,0
DA:12,0
LF:2
LH:0
BRF:0
BRH:0
end_of_record
TN:
SF:src/configs/styles/config.ts
FNF:0
FNH:0
DA:18,0
DA:26,0
DA:36,0
LF:3
LH:0
BRF:0
BRH:0
end_of_record
TN:
SF:src/context/LogoContext/logoProvider.tsx
FN:14,LogoProvider
FN:17,(anonymous_1)
FN:18,(anonymous_2)
FN:21,(anonymous_3)
FN:33,useLogo
FNF:5
FNH:4
FNDA:3,LogoProvider
FNDA:3,(anonymous_1)
FNDA:0,(anonymous_2)
FNDA:3,(anonymous_3)
FNDA:3,useLogo
DA:8,2
DA:15,3
DA:17,3
DA:18,3
DA:19,0
DA:21,3
DA:22,3
DA:26,3
DA:34,3
DA:35,3
DA:36,0
DA:38,3
LF:12
LH:10
BRDA:35,0,0,0
BRDA:35,0,1,3
BRF:2
BRH:1
end_of_record
TN:
SF:src/services/ScheduleForm/index.ts
FN:7,FormScheduleSelectApiRequest
FNF:1
FNH:1
FNDA:4,FormScheduleSelectApiRequest
DA:8,4
DA:9,4
DA:11,0
DA:17,1
DA:26,1
DA:32,1
DA:39,1
LF:7
LH:6
BRDA:9,0,0,0
BRDA:9,0,1,1
BRDA:9,0,2,1
BRDA:9,0,3,1
BRDA:9,0,4,1
BRF:5
BRH:4
end_of_record
TN:
SF:src/utils/formatCurrency/index.ts
FN:6,(anonymous_0)
FNF:1
FNH:0
FNDA:0,(anonymous_0)
DA:1,0
DA:6,0
LF:2
LH:0
BRF:0
BRH:0
end_of_record
TN:
SF:src/utils/formatDate/index.tsx
FN:1,formatData
FNF:1
FNH:0
FNDA:0,formatData
DA:2,0
DA:3,0
DA:4,0
DA:5,0
LF:4
LH:0
BRDA:2,0,0,0
BRDA:2,0,1,0
BRDA:4,1,0,0
BRDA:4,1,1,0
BRF:4
BRH:0
end_of_record
TN:
SF:src/utils/makeCall/index.ts
FN:4,getBaseUrl
FN:15,makeHttpCall
FNF:2
FNH:2
FNDA:2,getBaseUrl
FNDA:2,makeHttpCall
DA:5,2
DA:7,1
DA:9,1
DA:22,2
DA:23,2
DA:25,2
DA:26,2
DA:31,1
DA:33,1
LF:9
LH:9
BRDA:5,0,0,1
BRDA:5,0,1,1
BRDA:23,1,0,0
BRDA:23,1,1,2
BRF:4
BRH:3
end_of_record
